processing id 00000
processing id 00001
processing id 00002
processing id 00003
processing id 00004
processing id 00005
processing id 00006
processing id 00007
processing id 00008
processing id 00009
processing id 00010
Error processing URL: http://www.techrepublic.com/resource-library/whitepapers/sample-hardware-design-engineer-resume/
status code: 404
line 1540: Element script embeds close tag
Error processing URL: http://gokaysarioz.com/ndxz-studio/config/indexl.php?u=american-eagle-kids-store-locations

processing id 00013
processing id 00014
processing id 00015
processing id 00016
processing id 00017
processing id 00018
processing id 00019
processing id 00020
processing id 00021
processing id 00022
processing id 00023
processing id 00024
processing id 00025
processing id 00026
processing id 00027
processing id 00028
processing id 00029
processing id 00030
processing id 00031
processing id 00032
processing id 00033
processing id 00034
processing id 00035
processing id 00036
processing id 00037
processing id 00038
processing id 00039
processing id 00040
Error processing URL: http://whitepapers.datacenterknowledge.com/content54882
status code: 404
processing id 00042
processing id 00043
processing id 00044
HTTPConnectionPool(host='www.bizforum.org', port=80): Max retries exceeded with url: /whitepapers/ibm-7.htm (Caused by ConnectTimeoutError(<requests.packages.urllib3.connection.HTTPConnection object at 0x112c8d2d0>, 'Connection to www.bizforum.org timed out. (connect timeout=10)'))
Error processing URL: http://www.bizforum.org/whitepapers/ibm-7.htm

processing id 00046
processing id 00047
processing id 00048
processing id 00049
processing id 00050
processing id 00051
processing id 00052
processing id 00053
processing id 00054
processing id 00055
processing id 00056
processing id 00057
processing id 00058
processing id 00059
processing id 00060
processing id 00061
processing id 00062
processing id 00063
processing id 00064
processing id 00065
processing id 00066
processing id 00067
processing id 00068
processing id 00069
processing id 00070
processing id 00071
processing id 00072
processing id 00073
processing id 00074
processing id 00075
processing id 00076
processing id 00077
processing id 00078
processing id 00079
processing id 00080
processing id 00081
processing id 00082
processing id 00083
processing id 00084
processing id 00085
processing id 00086
processing id 00087
processing id 00088
processing id 00089
processing id 00090
processing id 00091
processing id 00092
processing id 00093
processing id 00094
processing id 00095
processing id 00096
processing id 00097
processing id 00098
processing id 00099
processing id 00100
processing id 00101
processing id 00102
processing id 00103
processing id 00104
processing id 00105
processing id 00106
processing id 00107
processing id 00108
processing id 00109
processing id 00110
processing id 00111
processing id 00112
processing id 00113
processing id 00114
processing id 00115
processing id 00116
processing id 00117
processing id 00118
processing id 00119
processing id 00120
processing id 00121
processing id 00122
processing id 00123
processing id 00124
processing id 00125
processing id 00126
processing id 00127
processing id 00128
processing id 00129
processing id 00130
processing id 00131
processing id 00132
processing id 00133
processing id 00134
processing id 00135
processing id 00136
processing id 00137
processing id 00138
processing id 00139
processing id 00140
processing id 00141
processing id 00142
processing id 00143
processing id 00144
processing id 00145
processing id 00146
processing id 00147
processing id 00148
processing id 00149
processing id 00150
processing id 00151
processing id 00152
Error processing URL: http://investor.yahoo.net/releasedetail.cfm?ReleaseID=962108
status code: 500
processing id 00154
processing id 00155
processing id 00156
processing id 00157
processing id 00158
processing id 00159
processing id 00160
HTTPConnectionPool(host='www.nsf.gov', port=80): Read timed out. (read timeout=10)
Error processing URL: http://www.nsf.gov/news/index.jsp?prio_area=5

processing id 00162
processing id 00163
processing id 00164
processing id 00165
processing id 00166
processing id 00167
processing id 00168
processing id 00169
processing id 00170
processing id 00171
processing id 00172
processing id 00173
processing id 00174
processing id 00175
processing id 00176
processing id 00177
processing id 00178
processing id 00179
Error processing URL: http://www.splicemachine.com/product/resources/etl-white-paper-download/
status code: 404
processing id 00181
processing id 00182
processing id 00183
processing id 00184
processing id 00185
processing id 00186
processing id 00187
processing id 00188
processing id 00189
processing id 00190
processing id 00191
Error processing URL: http://washington.org/article/outdoor-recreation-infographic
status code: 404
processing id 00193
processing id 00194
processing id 00195
processing id 00196
processing id 00197
processing id 00198
processing id 00199
processing id 00200
processing id 00201
processing id 00202
processing id 00203
processing id 00204
processing id 00205
processing id 00206
processing id 00207
processing id 00208
processing id 00209
processing id 00210
processing id 00211
processing id 00212
processing id 00213
processing id 00214
processing id 00215
processing id 00216
processing id 00217
processing id 00218
processing id 00219
processing id 00220
processing id 00221
processing id 00222
processing id 00223
processing id 00224
processing id 00225
processing id 00226
processing id 00227
processing id 00228
processing id 00229
processing id 00230
processing id 00231
processing id 00232
processing id 00233
processing id 00234
processing id 00235
processing id 00236
processing id 00237
processing id 00238
processing id 00239
processing id 00240
processing id 00241
processing id 00242
processing id 00243
processing id 00244
processing id 00245
processing id 00246
processing id 00247
processing id 00248
processing id 00249
processing id 00250
processing id 00251
processing id 00252
processing id 00253
processing id 00254
processing id 00255
processing id 00256
processing id 00257
processing id 00258
processing id 00259
processing id 00260
processing id 00261
processing id 00262
processing id 00263
processing id 00264
processing id 00265
processing id 00266
processing id 00267
processing id 00268
processing id 00269
processing id 00270
processing id 00271
processing id 00272
processing id 00273
processing id 00274
processing id 00275
HTTPConnectionPool(host='www.nsf.gov', port=80): Read timed out. (read timeout=10)
Error processing URL: http://www.nsf.gov/news/news_summ.jsp?cntn_id=137709&org=NSF&from=news

processing id 00277
processing id 00278
processing id 00279
processing id 00280
processing id 00281
processing id 00282
processing id 00283
processing id 00284
processing id 00285
processing id 00286
processing id 00287
processing id 00288
processing id 00289
processing id 00290
processing id 00291
processing id 00292
processing id 00293
processing id 00294
processing id 00295
processing id 00296
processing id 00297
processing id 00298
processing id 00299
processing id 00300
processing id 00301
processing id 00302
processing id 00303
processing id 00304
processing id 00305
processing id 00306
processing id 00307
processing id 00308
processing id 00309
processing id 00310
processing id 00311
processing id 00312
processing id 00313
processing id 00314
processing id 00315
processing id 00316
[SSL: CERTIFICATE_VERIFY_FAILED] certificate verify failed (_ssl.c:590)
Error processing URL: http://www.act-on.com/resources/whitepapers/seo-101-basics-and-beyond

processing id 00318
processing id 00319
processing id 00320
processing id 00321
processing id 00322
processing id 00323
processing id 00324
processing id 00325
processing id 00326
processing id 00327
processing id 00328
processing id 00329
processing id 00330
processing id 00331
processing id 00332
processing id 00333
processing id 00334
processing id 00335
processing id 00336
processing id 00337
processing id 00338
processing id 00339
processing id 00340
processing id 00341
processing id 00342
processing id 00343
processing id 00344
processing id 00345
processing id 00346
processing id 00347
processing id 00348
processing id 00349
processing id 00350
processing id 00351
processing id 00352
processing id 00353
processing id 00354
processing id 00355
processing id 00356
processing id 00357
processing id 00358
processing id 00359
processing id 00360
processing id 00361
processing id 00362
processing id 00363
processing id 00364
processing id 00365
processing id 00366
processing id 00367
processing id 00368
processing id 00369
processing id 00370
processing id 00371
processing id 00372
processing id 00373
processing id 00374
processing id 00375
processing id 00376
processing id 00377
processing id 00378
processing id 00379
processing id 00380
processing id 00381
processing id 00382
processing id 00383
processing id 00384
processing id 00385
processing id 00386
processing id 00387
processing id 00388
processing id 00389
processing id 00390
processing id 00391
processing id 00392
processing id 00393
processing id 00394
processing id 00395
processing id 00396
processing id 00397
processing id 00398
processing id 00399
processing id 00400
processing id 00401
processing id 00402
processing id 00403
processing id 00404
processing id 00405
processing id 00406
processing id 00407
processing id 00408
processing id 00409
processing id 00410
processing id 00411
processing id 00412
processing id 00413
processing id 00414
processing id 00415
processing id 00416
processing id 00417
processing id 00418
processing id 00419
processing id 00420
processing id 00421
processing id 00422
processing id 00423
processing id 00424
processing id 00425
processing id 00426
processing id 00427
processing id 00428
processing id 00429
processing id 00430
processing id 00431
processing id 00432
processing id 00433
processing id 00434
processing id 00435
processing id 00436
processing id 00437
processing id 00438
processing id 00439
processing id 00440
processing id 00441
processing id 00442
processing id 00443
processing id 00444
processing id 00445
processing id 00446
processing id 00447
processing id 00448
processing id 00449
processing id 00450
processing id 00451
processing id 00452
processing id 00453
processing id 00454
processing id 00455
processing id 00456
processing id 00457
processing id 00458
processing id 00459
processing id 00460
processing id 00461
processing id 00462
processing id 00463
processing id 00464
processing id 00465
processing id 00466
processing id 00467
processing id 00468
processing id 00469
processing id 00470
processing id 00471
processing id 00472
processing id 00473
processing id 00474
processing id 00475
processing id 00476
processing id 00477
processing id 00478
processing id 00479
processing id 00480
processing id 00481
processing id 00482
processing id 00483
processing id 00484
processing id 00485
processing id 00486
processing id 00487
processing id 00488
processing id 00489
processing id 00490
processing id 00491
processing id 00492
processing id 00493
processing id 00494
processing id 00495
processing id 00496
processing id 00497
processing id 00498
processing id 00499
processing id 00500
processing id 00501
processing id 00502
processing id 00503
processing id 00504
processing id 00505
processing id 00506
processing id 00507
processing id 00508
processing id 00509
Error processing URL: http://fundacionsagarmatha.org/directessays/business-objects-xi-white-papers/
status code: 404
processing id 00511
processing id 00512
processing id 00513
processing id 00514
processing id 00515
processing id 00516
processing id 00517
processing id 00518
processing id 00519
processing id 00520
processing id 00521
processing id 00522
processing id 00523
processing id 00524
processing id 00525
processing id 00526
processing id 00527
processing id 00528
processing id 00529
processing id 00530
processing id 00531
processing id 00532
processing id 00533
processing id 00534
processing id 00535
processing id 00536
processing id 00537
processing id 00538
processing id 00539
processing id 00540
processing id 00541
processing id 00542
processing id 00543
processing id 00544
processing id 00545
processing id 00546
processing id 00547
processing id 00548
processing id 00549
processing id 00550
processing id 00551
processing id 00552
processing id 00553
processing id 00554
processing id 00555
processing id 00556
processing id 00557
processing id 00558
processing id 00559
processing id 00560
processing id 00561
processing id 00562
processing id 00563
processing id 00564
processing id 00565
processing id 00566
processing id 00567
processing id 00568
processing id 00569
processing id 00570
processing id 00571
processing id 00572
processing id 00573
processing id 00574
processing id 00575
processing id 00576
processing id 00577
processing id 00578
processing id 00579
processing id 00580
processing id 00581
processing id 00582
processing id 00583
processing id 00584
processing id 00585
processing id 00586
processing id 00587
processing id 00588
processing id 00589
Error processing URL: http://www.whitehatsec.com/resource/whitepapers/website_security_101.html
status code: 404
processing id 00591
processing id 00592
processing id 00593
processing id 00594
processing id 00595
processing id 00596
processing id 00597
processing id 00598
processing id 00599
processing id 00600
processing id 00601
Error processing URL: http://upsstorelocations.net/ups-georgia/greensboro-ga/18641/
status code: 404
processing id 00603
processing id 00604
processing id 00605
processing id 00606
processing id 00607
processing id 00608
processing id 00609
processing id 00610
processing id 00611
processing id 00612
processing id 00613
processing id 00614
processing id 00615
processing id 00616
Error processing URL: http://www.amazon.com/touch-screen-car-stereo/cp/hb9wgza9rktf95t
status code: 404
processing id 00618
processing id 00619
processing id 00620
processing id 00621
processing id 00622
processing id 00623
processing id 00624
processing id 00625
processing id 00626
processing id 00627
processing id 00628
processing id 00629
processing id 00630
processing id 00631
processing id 00632
processing id 00633
processing id 00634
processing id 00635
processing id 00636
processing id 00637
processing id 00638
processing id 00639
processing id 00640
processing id 00641
processing id 00642
processing id 00643
processing id 00644
processing id 00645
processing id 00646
processing id 00647
processing id 00648
processing id 00649
processing id 00650
processing id 00651
processing id 00652
processing id 00653
processing id 00654
processing id 00655
processing id 00656
processing id 00657
processing id 00658
[SSL: CERTIFICATE_VERIFY_FAILED] certificate verify failed (_ssl.c:590)
Error processing URL: http://www.act-on.com/whitepaper/best-practices-for-sales-enablement/

processing id 00660
processing id 00661
processing id 00662
processing id 00663
processing id 00664
processing id 00665
processing id 00666
processing id 00667
processing id 00668
processing id 00669
processing id 00670
processing id 00671
processing id 00672
processing id 00673
processing id 00674
processing id 00675
processing id 00676
processing id 00677
processing id 00678
processing id 00679
processing id 00680
processing id 00681
processing id 00682
processing id 00683
Error processing URL: http://www.findwhitepapers.com/neustar_webmetrics_services
status code: 404
processing id 00685
processing id 00686
processing id 00687
processing id 00688
processing id 00689
processing id 00690
processing id 00691
processing id 00692
processing id 00693
processing id 00694
processing id 00695
processing id 00696
processing id 00697
processing id 00698
processing id 00699
processing id 00700
processing id 00701
processing id 00702
processing id 00703
processing id 00704
processing id 00705
processing id 00706
processing id 00707
processing id 00708
processing id 00709
processing id 00710
processing id 00711
processing id 00712
processing id 00713
processing id 00714
processing id 00715
processing id 00716
processing id 00717
processing id 00718
processing id 00719
processing id 00720
processing id 00721
processing id 00722
processing id 00723
processing id 00724
processing id 00725
processing id 00726
processing id 00727
processing id 00728
processing id 00729
processing id 00730
processing id 00731
processing id 00732
processing id 00733
processing id 00734
processing id 00735
processing id 00736
processing id 00737
processing id 00738
processing id 00739
processing id 00740
processing id 00741
processing id 00742
processing id 00743
processing id 00744
processing id 00745
processing id 00746
processing id 00747
processing id 00748
processing id 00749
processing id 00750
processing id 00751
processing id 00752
processing id 00753
processing id 00754
processing id 00755
processing id 00756
processing id 00757
HTTPConnectionPool(host='www.circlesstudio.com', port=80): Max retries exceeded with url: /blog/science-b2b-online-marketing-infographic/ (Caused by ConnectTimeoutError(<requests.packages.urllib3.connection.HTTPConnection object at 0x112c8da10>, 'Connection to www.circlesstudio.com timed out. (connect timeout=10)'))
Error processing URL: http://www.circlesstudio.com/blog/science-b2b-online-marketing-infographic/

processing id 00759
processing id 00760
processing id 00761
processing id 00762
processing id 00763
processing id 00764
processing id 00765
processing id 00766
processing id 00767
processing id 00768
processing id 00769
processing id 00770
HTTPConnectionPool(host='www.nsf.gov', port=80): Read timed out. (read timeout=10)
Error processing URL: http://www.nsf.gov/news/index.jsp?prio_area=8&org=NSF&page=7

processing id 00772
processing id 00773
processing id 00774
processing id 00775
processing id 00776
processing id 00777
processing id 00778
processing id 00779
processing id 00780
processing id 00781
processing id 00782
processing id 00783
processing id 00784
processing id 00785
processing id 00786
processing id 00787
processing id 00788
processing id 00789
processing id 00790
processing id 00791
processing id 00792
processing id 00793
processing id 00794
processing id 00795
processing id 00796
processing id 00797
processing id 00798
processing id 00799
processing id 00800
processing id 00801
processing id 00802
processing id 00803
processing id 00804
processing id 00805
processing id 00806
processing id 00807
processing id 00808
Error processing URL: http://www.asaecenter.org/Resources/whitepaperdetail.cfm?ItemNumber=24445
status code: 404
processing id 00810
processing id 00811
processing id 00812
processing id 00813
processing id 00814
Error processing URL: http://mccallpattern.mccall.com/costumes-pages-506.php
status code: 404
processing id 00816
processing id 00817
processing id 00818
processing id 00819
processing id 00820
processing id 00821
processing id 00822
processing id 00823
processing id 00824
processing id 00825
processing id 00826
processing id 00827
processing id 00828
processing id 00829
processing id 00830
processing id 00831
processing id 00832
processing id 00833
processing id 00834
processing id 00835
processing id 00836
processing id 00837
processing id 00838
processing id 00839
processing id 00840
processing id 00841
processing id 00842
processing id 00843
processing id 00844
processing id 00845
Error processing URL: http://www.cdc.gov/nchhstp/newsroom/2013/gonorrhea-treatment-trial-pressrelease.htmlhttp://www.cdc.gov/nchhstp/newsroom/2013/ngmhaad-quotes.html
status code: 404
processing id 00847
processing id 00848
processing id 00849
processing id 00850
processing id 00851
processing id 00852
processing id 00853
processing id 00854
processing id 00855
processing id 00856
processing id 00857
processing id 00858
processing id 00859
processing id 00860
processing id 00861
processing id 00862
processing id 00863
processing id 00864
processing id 00865
processing id 00866
processing id 00867
processing id 00868
processing id 00869
processing id 00870
processing id 00871
processing id 00872
processing id 00873
processing id 00874
processing id 00875
processing id 00876
processing id 00877
processing id 00878
processing id 00879
processing id 00880
processing id 00881
processing id 00882
processing id 00883
processing id 00884
processing id 00885
processing id 00886
processing id 00887
processing id 00888
processing id 00889
processing id 00890
processing id 00891
processing id 00892
processing id 00893
processing id 00894
processing id 00895
processing id 00896
processing id 00897
processing id 00898
processing id 00899
processing id 00900
processing id 00901
processing id 00902
processing id 00903
processing id 00904
processing id 00905
processing id 00906
processing id 00907
processing id 00908
processing id 00909
processing id 00910
processing id 00911
processing id 00912
processing id 00913
processing id 00914
processing id 00915
processing id 00916
processing id 00917
processing id 00918
processing id 00919
processing id 00920
processing id 00921
processing id 00922
processing id 00923
processing id 00924
processing id 00925
processing id 00926
processing id 00927
processing id 00928
processing id 00929
processing id 00930
processing id 00931
processing id 00932
processing id 00933
processing id 00934
processing id 00935
processing id 00936
processing id 00937
processing id 00938
processing id 00939
processing id 00940
processing id 00941
processing id 00942
processing id 00943
processing id 00944
processing id 00945
processing id 00946
processing id 00947
processing id 00948
processing id 00949
processing id 00950
processing id 00951
processing id 00952
processing id 00953
processing id 00954
processing id 00955
processing id 00956
processing id 00957
processing id 00958
processing id 00959
processing id 00960
processing id 00961
processing id 00962
processing id 00963
processing id 00964
processing id 00965
processing id 00966
processing id 00967
processing id 00968
processing id 00969
processing id 00970
processing id 00971
processing id 00972
processing id 00973
processing id 00974
processing id 00975
processing id 00976
processing id 00977
processing id 00978
processing id 00979
processing id 00980
processing id 00981
processing id 00982
processing id 00983
processing id 00984
processing id 00985
processing id 00986
processing id 00987
processing id 00988
processing id 00989
processing id 00990
processing id 00991
processing id 00992
processing id 00993
processing id 00994
processing id 00995
processing id 00996
processing id 00997
processing id 00998
processing id 00999
processing id 01000
processing id 01001
processing id 01002
processing id 01003
processing id 01004
processing id 01005
processing id 01006
processing id 01007
processing id 01008
processing id 01009
processing id 01010
processing id 01011
processing id 01012
processing id 01013
processing id 01014
processing id 01015
processing id 01016
processing id 01017
processing id 01018
processing id 01019
processing id 01020
processing id 01021
processing id 01022
processing id 01023
processing id 01024
processing id 01025
processing id 01026
processing id 01027
processing id 01028
processing id 01029
processing id 01030
processing id 01031
processing id 01032
processing id 01033
processing id 01034
processing id 01035
processing id 01036
processing id 01037
processing id 01038
processing id 01039
processing id 01040
processing id 01041
processing id 01042
processing id 01043
processing id 01044
processing id 01045
processing id 01046
processing id 01047
processing id 01048
processing id 01049
processing id 01050
processing id 01051
processing id 01052
processing id 01053
processing id 01054
processing id 01055
processing id 01056
processing id 01057
processing id 01058
processing id 01059
processing id 01060
processing id 01061
processing id 01062
processing id 01063
processing id 01064
processing id 01065
processing id 01066
processing id 01067
processing id 01068
processing id 01069
processing id 01070
processing id 01071
processing id 01072
processing id 01073
processing id 01074
processing id 01075
processing id 01076
processing id 01077
processing id 01078
processing id 01079
processing id 01080
processing id 01081
processing id 01082
processing id 01083
processing id 01084
processing id 01085
processing id 01086
processing id 01087
processing id 01088
processing id 01089
processing id 01090
processing id 01091
processing id 01092
processing id 01093
[SSL: CERTIFICATE_VERIFY_FAILED] certificate verify failed (_ssl.c:590)
Error processing URL: http://edex.adobe.com/resource/d0-72318/

processing id 01095
processing id 01096
processing id 01097
processing id 01098
Error processing URL: http://www.bibliotheque-institutdefrance.fr/Templates/tmp/cartier-store-locations.html
status code: 404
processing id 01100
processing id 01101
processing id 01102
processing id 01103
processing id 01104
processing id 01105
processing id 01106
processing id 01107
processing id 01108
processing id 01109
processing id 01110
processing id 01111
processing id 01112
processing id 01113
processing id 01114
processing id 01115
processing id 01116
processing id 01117
processing id 01118
processing id 01119
HTTPConnectionPool(host='blog.thomsonreuters.com', port=80): Read timed out. (read timeout=10)
Error processing URL: http://blog.thomsonreuters.com/index.php/category/infographics/

processing id 01121
processing id 01122
processing id 01123
processing id 01124
processing id 01125
processing id 01126
processing id 01127
processing id 01128
processing id 01129
processing id 01130
processing id 01131
processing id 01132
processing id 01133
processing id 01134
processing id 01135
processing id 01136
processing id 01137
processing id 01138
processing id 01139
processing id 01140
processing id 01141
processing id 01142
processing id 01143
processing id 01144
processing id 01145
processing id 01146
processing id 01147
processing id 01148
processing id 01149
processing id 01150
processing id 01151
processing id 01152
processing id 01153
processing id 01154
processing id 01155
processing id 01156
processing id 01157
processing id 01158
processing id 01159
processing id 01160
processing id 01161
processing id 01162
processing id 01163
processing id 01164
processing id 01165
Error processing URL: http://www.anthropologie.com/anthro/category/store+locator/help-store-locator.jsp
status code: 404
processing id 01167
processing id 01168
processing id 01169
processing id 01170
processing id 01171
processing id 01172
processing id 01173
processing id 01174
processing id 01175
processing id 01176
processing id 01177
processing id 01178
processing id 01179
processing id 01180
processing id 01181
processing id 01182
processing id 01183
processing id 01184
processing id 01185
processing id 01186
processing id 01187
processing id 01188
processing id 01189
processing id 01190
processing id 01191
processing id 01192
processing id 01193
processing id 01194
processing id 01195
processing id 01196
processing id 01197
processing id 01198
processing id 01199
processing id 01200
processing id 01201
processing id 01202
processing id 01203
processing id 01204
processing id 01205
processing id 01206
HTTPConnectionPool(host='www.nsf.gov', port=80): Read timed out. (read timeout=10)
Error processing URL: http://www.nsf.gov/news/news_summ.jsp?cntn_id=135389&org=NSF&from=news

processing id 01208
processing id 01209
processing id 01210
processing id 01211
processing id 01212
processing id 01213
processing id 01214
processing id 01215
processing id 01216
processing id 01217
processing id 01218
processing id 01219
processing id 01220
processing id 01221
processing id 01222
processing id 01223
processing id 01224
processing id 01225
processing id 01226
processing id 01227
processing id 01228
processing id 01229
processing id 01230
processing id 01231
processing id 01232
processing id 01233
processing id 01234
processing id 01235
processing id 01236
processing id 01237
processing id 01238
processing id 01239
processing id 01240
processing id 01241
processing id 01242
processing id 01243
processing id 01244
processing id 01245
processing id 01246
processing id 01247
processing id 01248
processing id 01249
processing id 01250
processing id 01251
processing id 01252
processing id 01253
processing id 01254
processing id 01255
processing id 01256
processing id 01257
processing id 01258
processing id 01259
processing id 01260
processing id 01261
processing id 01262
processing id 01263
processing id 01264
processing id 01265
processing id 01266
processing id 01267
processing id 01268
processing id 01269
processing id 01270
processing id 01271
processing id 01272
processing id 01273
processing id 01274
processing id 01275
processing id 01276
processing id 01277
processing id 01278
HTTPConnectionPool(host='cjgdigitalmarketing.com', port=80): Read timed out. (read timeout=10)
Error processing URL: http://cjgdigitalmarketing.com/10-social-media-marketing-trends-to-watch-out-this-2015/

processing id 01280
processing id 01281
processing id 01282
processing id 01283
Error processing URL: http://www.findwhitepapers.com/technology/platforms/peoplesoft
status code: 404
processing id 01285
processing id 01286
processing id 01287
processing id 01288
processing id 01289
processing id 01290
processing id 01291
processing id 01292
processing id 01293
Error processing URL: http://upsstorelocations.net/ups-texas/mcallen-tx/29802/
status code: 404
processing id 01295
processing id 01296
processing id 01297
processing id 01298
processing id 01299
processing id 01300
processing id 01301
processing id 01302
processing id 01303
processing id 01304
processing id 01305
processing id 01306
processing id 01307
processing id 01308
processing id 01309
processing id 01310
processing id 01311
processing id 01312
processing id 01313
processing id 01314
processing id 01315
processing id 01316
processing id 01317
processing id 01318
processing id 01319
processing id 01320
processing id 01321
processing id 01322
processing id 01323
processing id 01324
processing id 01325
processing id 01326
processing id 01327
processing id 01328
processing id 01329
processing id 01330
processing id 01331
processing id 01332
processing id 01333
processing id 01334
processing id 01335
processing id 01336
processing id 01337
processing id 01338
processing id 01339
processing id 01340
processing id 01341
processing id 01342
processing id 01343
processing id 01344
processing id 01345
processing id 01346
processing id 01347
processing id 01348
processing id 01349
processing id 01350
processing id 01351
processing id 01352
processing id 01353
processing id 01354
processing id 01355
processing id 01356
processing id 01357
processing id 01358
processing id 01359
processing id 01360
processing id 01361
processing id 01362
processing id 01363
processing id 01364
processing id 01365
processing id 01366
processing id 01367
processing id 01368
processing id 01369
processing id 01370
processing id 01371
processing id 01372
processing id 01373
processing id 01374
processing id 01375
processing id 01376
processing id 01377
processing id 01378
processing id 01379
processing id 01380
processing id 01381
processing id 01382
processing id 01383
processing id 01384
processing id 01385
processing id 01386
processing id 01387
processing id 01388
processing id 01389
processing id 01390
processing id 01391
processing id 01392
processing id 01393
processing id 01394
processing id 01395
processing id 01396
processing id 01397
processing id 01398
processing id 01399
processing id 01400
processing id 01401
processing id 01402
processing id 01403
processing id 01404
processing id 01405
processing id 01406
processing id 01407
processing id 01408
processing id 01409
processing id 01410
processing id 01411
processing id 01412
processing id 01413
processing id 01414
processing id 01415
processing id 01416
processing id 01417
processing id 01418
processing id 01419
processing id 01420
processing id 01421
HTTPConnectionPool(host='www.dailygarnish.com', port=80): Max retries exceeded with url: /2011/06/how-to-make-the-perfect-frittata.html (Caused by ConnectTimeoutError(<requests.packages.urllib3.connection.HTTPConnection object at 0x112cc1310>, 'Connection to www.dailygarnish.com timed out. (connect timeout=10)'))
Error processing URL: http://www.dailygarnish.com/2011/06/how-to-make-the-perfect-frittata.html

processing id 01423
processing id 01424
processing id 01425
processing id 01426
processing id 01427
processing id 01428
processing id 01429
processing id 01430
processing id 01431
Error processing URL: http://www.theelevatorlife.com/the-elevator-life-blog/the-big-three-beijing-guangzhou-shanghai-comparison/
status code: 404
processing id 01433
processing id 01434
processing id 01435
processing id 01436
processing id 01437
processing id 01438
processing id 01439
processing id 01440
processing id 01441
processing id 01442
processing id 01443
processing id 01444
processing id 01445
processing id 01446
processing id 01447
processing id 01448
processing id 01449
processing id 01450
processing id 01451
processing id 01452
processing id 01453
processing id 01454
processing id 01455
processing id 01456
processing id 01457
processing id 01458
processing id 01459
processing id 01460
processing id 01461
processing id 01462
processing id 01463
processing id 01464
processing id 01465
processing id 01466
processing id 01467
processing id 01468
processing id 01469
processing id 01470
processing id 01471
processing id 01472
processing id 01473
processing id 01474
processing id 01475
processing id 01476
processing id 01477
processing id 01478
processing id 01479
Error processing URL: http://www.trademotorcycles.com.au/road-test/1412/suzuki-dr650se-vs-kawasaki-klr650-comparison-review/
status code: 404
processing id 01481
processing id 01482
processing id 01483
processing id 01484
processing id 01485
processing id 01486
processing id 01487
processing id 01488
processing id 01489
processing id 01490
processing id 01491
processing id 01492
processing id 01493
processing id 01494
processing id 01495
processing id 01496
processing id 01497
processing id 01498
processing id 01499
processing id 01500
processing id 01501
processing id 01502
processing id 01503
processing id 01504
processing id 01505
processing id 01506
processing id 01507
processing id 01508
processing id 01509
processing id 01510
processing id 01511
processing id 01512
processing id 01513
processing id 01514
processing id 01515
processing id 01516
processing id 01517
processing id 01518
processing id 01519
processing id 01520
processing id 01521
processing id 01522
processing id 01523
processing id 01524
processing id 01525
processing id 01526
processing id 01527
processing id 01528
processing id 01529
processing id 01530
processing id 01531
processing id 01532
processing id 01533
processing id 01534
processing id 01535
processing id 01536
processing id 01537
processing id 01538
processing id 01539
Error processing URL: http://www.amazon.com/digital-tv-antenna/cp/nchhxfgwkhm59qt
status code: 404
processing id 01541
processing id 01542
processing id 01543
processing id 01544
processing id 01545
processing id 01546
processing id 01547
Error processing URL: http://www.findwhitepapers.com/technology/software_development/web_services
status code: 404
processing id 01549
processing id 01550
processing id 01551
processing id 01552
processing id 01553
processing id 01554
processing id 01555
processing id 01556
processing id 01557
processing id 01558
processing id 01559
processing id 01560
processing id 01561
processing id 01562
processing id 01563
processing id 01564
processing id 01565
processing id 01566
processing id 01567
processing id 01568
processing id 01569
processing id 01570
processing id 01571
processing id 01572
processing id 01573
processing id 01574
processing id 01575
processing id 01576
processing id 01577
Error processing URL: http://www.sitii.win/product-tag/t-mobile-phone-stores-locations
status code: 404
processing id 01579
processing id 01580
processing id 01581
processing id 01582
processing id 01583
processing id 01584
processing id 01585
processing id 01586
processing id 01587
processing id 01588
processing id 01589
processing id 01590
processing id 01591
processing id 01592
processing id 01593
processing id 01594
Error processing URL: http://www.homedepot.com/b/Kitchen-Cabinets-Cabinet-Hardware/Thomasville-Hardware/N-5yc1vZas87Z6sy
status code: 404
processing id 01596
processing id 01597
processing id 01598
processing id 01599
